<?xml version="1.0" encoding="UTF-8"?>
<!-- Generated by org.testng.reporters.JUnitXMLReporter -->
<testsuite ignored="0" hostname="IN-696XTN3" failures="0" tests="3" name="Default test" time="6.304" errors="0" timestamp="2024-08-16T23:33:40 IST">
  <testcase classname="api.test.UserTests" name="testpostuser" time="3.089"/>
  <testcase classname="api.test.UserTests" name="testgettuser" time="1.589"/>
  <testcase classname="api.test.UserTests" name="testupdateuser" time="1.379"/>
</testsuite> <!-- Default test -->
