<?xml version="1.0" encoding="UTF-8"?>
<!-- Generated by org.testng.reporters.JUnitXMLReporter -->
<testsuite ignored="0" hostname="IN-696XTN3" failures="0" tests="3" name="Test" time="5.943" errors="0" timestamp="2024-08-17T15:06:00 IST">
  <testcase classname="api.test.UserTests" name="testpostuser" time="2.671"/>
  <testcase classname="api.test.UserTests" name="testgettuser" time="1.271"/>
  <testcase classname="api.test.UserTests" name="testupdateuser" time="1.241"/>
</testsuite> <!-- Test -->
