<?xml version="1.0" encoding="UTF-8"?>
<!-- Generated by org.testng.reporters.JUnitXMLReporter -->
<testsuite ignored="0" hostname="IN-696XTN3" failures="0" tests="3" name="Test" time="5.923" errors="0" timestamp="2024-08-29T16:21:20 IST">
  <testcase classname="api.test.UserTests" name="testpostuser" time="2.797"/>
  <testcase classname="api.test.UserTests" name="testgettuser" time="1.193"/>
  <testcase classname="api.test.UserTests" name="testupdateuser" time="1.129"/>
</testsuite> <!-- Test -->
