<?xml version="1.0" encoding="UTF-8"?>
<testng-results ignored="0" total="3" passed="3" failed="0" skipped="0">
  <reporter-output>
  </reporter-output>
  <suite started-at="2024-08-29T16:21:14 IST" name="Suite" finished-at="2024-08-29T16:21:20 IST" duration-ms="5923">
    <groups>
    </groups>
    <test started-at="2024-08-29T16:21:14 IST" name="Test" finished-at="2024-08-29T16:21:20 IST" duration-ms="5923">
      <class name="api.test.UserTests">
        <test-method is-config="true" signature="setupdata()[pri:0, instance:api.test.UserTests@5ae50ce6]" started-at="2024-08-29T16:21:14 IST" name="setupdata" finished-at="2024-08-29T16:21:15 IST" duration-ms="605" status="PASS">
          <reporter-output>
          </reporter-output>
        </test-method> <!-- setupdata -->
        <test-method signature="testpostuser()[pri:1, instance:api.test.UserTests@5ae50ce6]" started-at="2024-08-29T16:21:15 IST" name="testpostuser" finished-at="2024-08-29T16:21:18 IST" duration-ms="2797" status="PASS">
          <reporter-output>
          </reporter-output>
        </test-method> <!-- testpostuser -->
        <test-method signature="testgettuser()[pri:2, instance:api.test.UserTests@5ae50ce6]" started-at="2024-08-29T16:21:18 IST" name="testgettuser" finished-at="2024-08-29T16:21:19 IST" duration-ms="1193" status="PASS">
          <reporter-output>
          </reporter-output>
        </test-method> <!-- testgettuser -->
        <test-method signature="testupdateuser()[pri:3, instance:api.test.UserTests@5ae50ce6]" started-at="2024-08-29T16:21:19 IST" name="testupdateuser" finished-at="2024-08-29T16:21:20 IST" duration-ms="1129" status="PASS">
          <reporter-output>
          </reporter-output>
        </test-method> <!-- testupdateuser -->
      </class> <!-- api.test.UserTests -->
    </test> <!-- Test -->
  </suite> <!-- Suite -->
</testng-results>
