<?xml version="1.0" encoding="UTF-8"?>
<testng-results ignored="0" total="3" passed="3" failed="0" skipped="0">
  <reporter-output>
  </reporter-output>
  <suite started-at="2024-08-17T15:05:54 IST" name="Suite" finished-at="2024-08-17T15:06:00 IST" duration-ms="5943">
    <groups>
    </groups>
    <test started-at="2024-08-17T15:05:54 IST" name="Test" finished-at="2024-08-17T15:06:00 IST" duration-ms="5943">
      <class name="api.test.UserTests">
        <test-method is-config="true" signature="setupdata()[pri:0, instance:api.test.UserTests@13fd2ccd]" started-at="2024-08-17T15:05:54 IST" name="setupdata" finished-at="2024-08-17T15:05:55 IST" duration-ms="518" status="PASS">
          <reporter-output>
          </reporter-output>
        </test-method> <!-- setupdata -->
        <test-method signature="testpostuser()[pri:1, instance:api.test.UserTests@13fd2ccd]" started-at="2024-08-17T15:05:55 IST" name="testpostuser" finished-at="2024-08-17T15:05:58 IST" duration-ms="2671" status="PASS">
          <reporter-output>
          </reporter-output>
        </test-method> <!-- testpostuser -->
        <test-method signature="testgettuser()[pri:2, instance:api.test.UserTests@13fd2ccd]" started-at="2024-08-17T15:05:58 IST" name="testgettuser" finished-at="2024-08-17T15:05:59 IST" duration-ms="1271" status="PASS">
          <reporter-output>
          </reporter-output>
        </test-method> <!-- testgettuser -->
        <test-method signature="testupdateuser()[pri:3, instance:api.test.UserTests@13fd2ccd]" started-at="2024-08-17T15:05:59 IST" name="testupdateuser" finished-at="2024-08-17T15:06:00 IST" duration-ms="1241" status="PASS">
          <reporter-output>
          </reporter-output>
        </test-method> <!-- testupdateuser -->
      </class> <!-- api.test.UserTests -->
    </test> <!-- Test -->
  </suite> <!-- Suite -->
</testng-results>
